U2FsdGVkX19hdzQ1S01qQoRzmrbYfaMsDK6Ge2E65b3tC7mrup4xLXYDnodSiQG4
KC3rRL3pEb9aMIg2j7ufxoIMSpN1UsX3GaN3klpY3TsKVk+AmzEgLFL73xBm1AZh
OnmwdwAED7Vrv9M1zoFMcwP5B/EnUvztf09A+YMOdzEkUONLMAt2rzIVKBLo3EtR
5EQUN+4cLsPrpyhm/h+iTTZ9bDE/aWrc4w+ysz4NMKmKwfag2f+wv3p88QkQg2Hq
vPTki9ggkU5gsjoPduTGLZ5ccWZHKSVAQOrM/bJTrerCVliPMP2E3j0GXvnhQvuH
QjSDVtX0gT3xLkitalg50jPcfO/lIpR3wlSpfVmMjOM5aK11l0xwkIMOd+aj+i2R
1kdaBOfumQvLfVcqSlYrhV59QbMOa9XlwMYaAqOnTOSsgunkcqqBx6cVFdBdDpL+
kU5cbV+KALWFOv4uHHOMwuC4gwFC5wa1O+5MFGnnG0t5dSqJNIFZa+x9TrnoZdiz
edHixOhAnRd00zLUnxD+T4GzQF0e/GwYxewclu2WRcYIFCF0oyXn9NL+99IcQKqT
rBM/8lF8Ntgvu/3C1EhtQIGzQF0e/GwYxewclu2WRcY59upHyA9RYtcfYUYEqy3I
MYV4KdGiJM28oYQDvsnJn+GmSdgnXzmKaIYVX+zCfV+ystahXeN2RKoVhNlzdvAS
Ugw6QfJSsKZPryaQc2ZfQHuGfPAotP9sbOx0Ecww3Wl1NbG3QRCEgMloHw/tS51X
8L2rzO8rYtUAfG8pXedRyB9lQACKGnTesz2yzNq6tCIvtiLYRtpy3cCR7C+N/WlW
M1DpEKOgBJANEsEoWteFx0ftN+nDrxf9+rKfC4mMfr1Y/egD3V/Tl6qaKF3LWSCp
rTMN9muP21AOwFPPktqqKPrVtm2Ch+35I2bOskT+9ZTSPye/aeUPazw2FyMvjMeA
JcRKBukRYNBLPEXm8BGf+ca6xLm2qVM7jvJCjY6afPv+qqOQyKElIMTAsaYRpCw3
gFDKOp/6dS4XcHh1L6/oV19ctZHkG9E1qzy1QZCnOsL4dS8+iB8VoRtUYA467yea
uknzt9+gjuXr8gqo65YCKtKKxUmiPpkciYG5tVtpRMyRKZOX6XN9UaGz2/wmRnf5
eBN+6ueLwHZszZ3B0I2l+ZWzGzSJcCDgP5BF5ATHJmsPSmkg6RvEudgzHJpc7Qcv
QdLmkVmhJra5i0HLisSl/E5pIfnE3xyNyYEsAATgDXzV22/ygjfn1iBim5vHFwcA
RkM5c2oL0jqvSCL3du+/Y3CuJjRA56BnTSbbE+cjbBbAK4EU8+MOkHR+ZWTwvDHC
t8YzAxwGLBNoo8+AAZLCLUT2FvLou+6AG4KIT8kWCmq/EILFxOQUwZN6f4HAKVlH
avnIQJ/1o3o6RM6WNjz4IejSt4FVSelPZbt4sNIUbpFCorUwa7i2LRiu6N+3qf46
ioksrCwFdJHtJtRavFssULsC58Cas7ewE+7F9aCSur0FaNBA6BuBYK09XqIc80vv
NhZxg7YIrwsTFAVc0xGXOm4RDWDPOyR+NrX0e66JmTr/YEKZNdu7y0fycPVN7ouQ
fQRaKhZ4cOD2XYIR3dl8DEZV6hGuv7EYYIeyHLDsNLylJ5xTDM6HUH6y+UdhKGly
XK6v4v//SVXCQ4RfYTNpUkfPeJrpkwbD0NY5nLPAhAmGeHx8YEIArFX+iO7rJjM6
WKhbMDCpFlkNEwa5HNKBSqTxRWXBwiyO8VpPTi+eTKJZUYiixUoHhGffWGDGuOM5
ZHDiRvm7n56kT+h34xHUwnbIoCYDZNCkFnSNH5aNBHol5UPI53Rle1yNg7dKWJKJ
gczfkyh6EBcrkraQWQc+JfFmYi+tfJJ7PHW2Ahg2NlWHE0YbAHdxX0W7T1CL04b+
DwmJu3Zk8tNV8zXHh23fsoGzQF0e/GwYxewclu2WRcaBs0BdHvxsGMXsHJbtlkXG
gbNAXR78bBjF7ByW7ZZFxiltKF00TykCvi0OtuSjE0rCWIanBy/3fe58gfbpSPOR
DAJTGeQfPa451LTlygxbVIZ/HWbgd+3qQzEPLKNlc9JNv7uRqMExtICDs+eYNN9s
/FNOFYMzVZ4tTk1F2Zenu+98Bcbby2wdByqcuTP2J2+O4egsWfe/Dsy0d31T8bGR
0Q6v1Dmg82BcSL6i/xHa0pDSw09/01z05fpHbmvKmNVVPN/GlCHoon7mlDwiF1sh
QCYe47PWftefI1gHMKfgYRHOG7LjhS0lmp03le3UwHVRM7rMZbmXO6WL/9c/w11J
XH2L2d3NWfSnohgN02fVaGAqeBO4BEsCL2pWjqcNTx25TtccCZLGu6Q/LQMTAnah
5C4xa0GXMiRxpRWAIPFuQA8R9cWAoHqlww3QYV9e+1HVjspx7MwpEvMWVaU9AVCF
gbNAXR78bBjF7ByW7ZZFxq+qPd0oZCqQuqrhjUpWmYGMNQzLCVeqx25/fQ8GJ9yX
DvMICegjjLyDOSg1gUMBgp0vriz2agNPc92/DHMkBhZdUN3b1/B/lZ2svGT9OCOr
P2tj1JVhF0xJwZjb97QJtgWQpYCcTzM6noJ6mDhd+JSP8XghROIAnHk2rpjAYBfs
Px+gra9IXrm3IgVp+YeWTaKJ9DjgP99uTbnI8/mPZooKlF2T5vh8T0iyWdziFTmn
0HJpkizSFlKmNyI/uXAC0zDrqg5xwKGHCf3CHDiVsdpfeCbzy1ZQ5Mrg/1x9Oj5u
VOBOuvj+l40TaJm4k+3mDp3iZ6+k6c7v0w1alB0/XlUp5Aly96esApoFAN8cQ6NC
Ocba8N3HqlkIPRTTHc1XFtXFYld8VyT5FT+dE+U0VbX6PqMkoZZ5jBNo876ldt8Q
Kuged7DpytWuPMe+jyX6EgCt44UuGUQ6xRS6LnaQ3sSiErTRkWgldbt+U3rPG4B+
a9uWM0F4THPBA147YPkfwxnB59NyexVDINXxLN0CV6EVHhMdLHwWrvA1m8/NlQIe
lBF/Pxxw/3Tzlkv+YqF2H9KjuyiiY+FiGnmQAmHjE62hJ526sgzjsVcFCnseCU39
UWbLjHSmYRkHj/nJ6boJ5HzR4UVB2Q4+N3QcCCQPSfEFnSjqn9UpIdQVwCaccOy0
ggjt1+1CMap+7lVrrW4uA6CxObYh70rpv/jQs4ux/1C7r1abMetfV+SbtSUeN9O7
DjNoHfKks9X5cMsP1W2bbOrcOWW+JAkLQcN4bnW7UP0CThnMSkGa9MBSGOHzyMQk
mtNw0CerxoAHL6Os/NLAWEcDxIzYbpX3tv7Ddo1rNGvW1LoqBzf8Hk26/Vqa1OjD
ZRtBWW7QvnikdgHi4QvnKFA7cfn+GMKIN1aL0Y8OFj/7jC6EzD/7QEofhBrLYpDi
3j+ZlsdoPCb5Qy75NlY20TGwB+gujqgTWIm/7TXvYZc+ywcL23oHNs/i5vy9o+R/
gtUFyekj2/OrqSIyxHBUc/EJGBiuZ7MgkFT/OMG2dUfMkSYYmolq/RLfMqABLPbq
eZsmhVjLXc4qOU8r445utqnAVx9GiogCzaQMeieurC4S5OfMST0MAmR0irxAmrQo
j9zHEpoW/RrfiwvGroRJ7QvfM+nRAEJzJL/hC/eZZYos+A3AJd3zlK8sxEONNLJW
z79QmjqGjnAJ/X10ejkZgJHKeCfT/FrHwLZMhhXuYAxAQFVwefUTOQes5FvY1SIX
q0Sr4H5ZtmA/rnXl7CefoTSEF1UeOpEsO3GvKU3eu+Cof2b/+/VY61x+bmafyXnU
gtUFyekj2/OrqSIyxHBUc/gYsji1G2hbsJ7qIhkRAckpPu86kXeS9tXUhcGEK/rw
c+AUXfarS52ggRDU7iXkJfL1MSki4SKQCqFPmvVupZNR6U3lt/2J5hJ/WsBZQxpo
S32q2olP0lU5uVyZPlzwCYbGVI0RdmHQQNRQKwDyKqjbuE4lpNU1ZEwXyICLyE8H
hfW9BUzfoUp8cqxooNnDiYu4jxzex+u0mW3IUsSXYp6Bs0BdHvxsGMXsHJbtlkXG
czFB1ZCR+7ChCo9axukupqfjDVT82u1PCvLSXPtiMEi8QY1XFwt70rmGjNHVpiSO
1AixlU/oIRxQjv1unVmhL31rJjv/lRXL+H3XNnAjWU9y8li6VhJlSKZffozWOVOD
h0XTUycYAo8Q6JPXmqFFjcCKuCZ3SmWNIrNL6w8w3D9ZT5tbFOiNpB+0RQrCiGQe
MbRqFSXNfoHVLFsps0jtY3fd6yjqtp89Pku6hnPaJKchrafDPJcca6F7K26Xqsll
buJeYQYlOIX6K4nr05Ops48lbmkzqG5k1ckOr3t0DCXJ+esS/0FuLdIGOmfWFy0V
AaCp2ZEhQgYxPURLL0pdhXMmjn5RPXeiGTjHSPBM7jvpEu4Csi4lKluXNxw9F0Du
Yv6d8AprkJVjoj/5F+ZWWEWEo6z9Xyv1SYKg2kbvQ+YHbK9uNp+zLrXpJuKq5Kok
9/QWQYT7vNt+iQVz+koOM7g7RI6Co5kF9AQ1QBy3nqpYmI9eRzKX4FDDXNM9Ln0M
42L+/qjCeAb6wMgVeig9Sf291ys6isBQPqu8RkPV98EHP57G79uiLDWLTzv+tY7+
11wU6Bdv0w59ysbabr09Uxn1xCWCcQAbLNinXn01CG0mCJxDj12Oc/C2ZByvkhkF
/luviewc0qeMuS50NFHpg2FKfKixQXG4sVPzX0DSjscPDxVkI6yzZxBeV+qVqy+o
IMc1r7y/gT1flMCNCjeXWcf35s2pQmYfJ14uiwy5ZpX9DS79n4iEaylLsuKuzSNO
aYVW00ZJUisLxLrk3DgIjYhXSphkPXI2cey3mpbSeTq3Iv2540JzBM36ejfls8Wa
0FHUf1iMANTh6kb37rnPCFOwjidDgKD+Lr64H1GlN9hcQK6bg2fz72Z8ru5nelyO
MuCVTixXzmRudkRJPdMX6W8ytl0jDoef0aB+mUNlzjZwspdLPlNHH/78nuf47aYf
9HNbaqAgv/8e35Hvkl89RDFaoWspwHt1z3a90cZMBoW3kswZmGa6/lPIQy8yrYc8
mVMAkXkq49DATxfG7jBqjfBfBQmvUigxacOqvQioD28zYYFrCgFDIWHuejXhP3x5
oyYIYS03GYOijPis8WuDAXs0E268KRzXfjiy8O0WyCvM59yvAOZ+itG0ZhM1j9n/
riPA0c1Lxg2jOVRGbf9Z7+UuReoxerhZRuKR728/v+uh7mUC6STxVeJQpqp7P82F
PZdpJ0j6HoamygxFzvHZ9cjFhxqWF56WGj5n+vQBOVLYPUgX6wrV7gLJ0LHZx4vP
1pTl+db6+k2qROCgk/r9wpckDPQkenCBJAqv8T2F8wo41Rdsau/+qopP+hcmDiYg
3dFeeprw88A0tOf6pqVplzOHHNKxrjkjGqWFB8GZV8kn2X0JFKiIN10gzf/P21El
sddgX52wk8Oc+/jMfdv9j5c1P2xw+p12fB5+vTVnuWEgO0Jk2WbpmIETnss8U8iC
dd1k14KXJiLu+VUf469VVgAz1N8wCY0mtzgrSAqXw8OyoZKL/DR1LUeAMibH7Vnw
faRZ6aoc07tazNZZa91aMTsMlFsTxiWcKuKMGvR63ntObXOe3jqupqSBaK+TtR73
XGpClwZ85TX9oEGDWN0X2C7+/gIQWBf7R9H7ksfvB7h4ENYaB5z0cWBma7/Rrrt3
S62yPKJ4/BANHa35OqMQLBZConQhz+hNa3b6vIYfolIoQPq5nWIXESB4WRi36D60
E/0X7ssTkcaQUO25Ze3uPxYmK/X4IbKnav6GncapacsnjYQEhtrdiTlk0j/sy3n5
PZy6efbzRgVYkwinTwLaKaWp/q+2XqBFU4kyak/CxOdotOE+oEKEvurKvDYRynrx
squarYbcIeTKxd1Eq235Ic5pSIZoZ5P0OCiuh7pyi6zLKKrtyVNYEhptbwouNOZv
9sMShnhcGWCan5Q+s9dQfjX0JX4lzKHjfBy3ZaiVFelsrF40/JwWGwsK4Y2qYMYW
WTgtEZHJ2CugroZ3zGVEhNzjj90TlQTfNfaOYf8QAWWtGdc5zob9roOraCQKkOQg
3MNEG2axHWPpq+bXQX6suCAI/pj2mOrIduPhPTv+hTXE+PFW6JEhOFrczEz3HQHG
D8YgpD6Cm+NhDdlHoJYUHQu7IYaiWXRZgWUA0PMsw7I=
