U2FsdGVkX19hdzQ1S01qQoRzmrbYfaMsDK6Ge2E65b1vT+J0rozwe4c0B7XSJDfL
7lb3nErYtl3Ip9OOYb4aie5yn2wz/tpPvUmlgjVgHylWo7QnTxcpj3HMSXX1Z0sw
iNth2p8GHSaUCTPIVg+e2A8y76l7oBGFSU/tatUPppckUONLMAt2rzIVKBLo3EtR
/PoAPWMoU8OEc1TAV0QXa6l6c4BFxXQiuBWs33Jf8miTpZOVqaTxaCPu5/Kn9wqT
8rmY2j2Famr+VNnfmRYn583+nnatL1M88Ar5JLOaPSApa1ylk8Fg/ZOIkzSR9q2Q
SbDW0U32OANbFmqOwCiHAYqU73TbXNWhUdCgruqditGMwzB8EMRR0opI4fPT3+Ig
M9x87+UilHfCVKl9WYyM4zlorXWXTHCQgw535qP6LZHWR1oE5+6ZC8t9VypKViuF
Xn1Bsw5r1eXAxhoCo6dM5KyC6eRyqoHHpxUV0F0Okv6RTlxtX4oAtYU6/i4cc4zC
e3JUae8UO5UUPDXkvleMWW3p9xlAf03K/LR5s9zvchIYnuWcFm0ij0k/s4dnNDga
qqF1PAi/fYBwCxF1OJz55Fu2uuRurpkQc/g3ctGYMqkPJIewm5Vlo2LUDJqna7+9
7cem92+RjF1Noc9rgE0LOYIUXaoSLyzO3aX6WXavqyQ53aV9Zwv0Z0qAgENpf1S5
N43q41DKeu4pvQPPAETW/eIeecNnJHdIaYBVijeCi41NVrb483U7G85X8m2jmu6t
4yUo2iWS/SnfrV2Sr5RO2JbJxbZSpe/LUOdecpZOfZ+LU1jAyH0t2jwOkW9U8ELV
DXOfp7iOf7qnt3xn3yIPRhMFJFdTx2kBgf3w8+ypee/I3n1haOI8NChTLcoCZb8c
OSTGJaKLt9+mSf7nLUqBbR8ni/sE6VfPonz+r9wknH8Y8QM4Vvn7LLdiD74PvFUV
zxD9HPDeFcIADC1y1eqlfAFQr5Ke53Lo8f61Q/6B0b350RnArToxYUgY7/6pev/B
iFvI2Gxm8Ugs6FZbJfkS8aUUmqL6GTE2UL/QK9ai43ykUzsU04DgLJyI+9qznUXj
ENd4F0TGMMWDWkrkly0vm90qIjpjLF2ufiSZpghK/Aio+Rhc5W4NGiuXJj5YcIcu
XUmSl+G8uyVdjz57mDxS8M4ntaWn/GIIALNsHJgLGSDuoc3WyaYY80lbPzY75SSx
8bgS5TsKGQHiKhzzfxNqqHnwPO6ShCWajGhZLGppT3WgQUkFlvnUQxY7CqHYLVWg
lXM0A+K3XkBwS/AQ5SLXBaSj1/jTvudQqvy/tU6E+exBXJgV7v/bZvSdZSFhF7sM
X1y1keQb0TWrPLVBkKc6wgCWTmdFunsSZyqJMjB52IrvojB8kA1x5YCoIdb56vZy
0orFSaI+mRyJgbm1W2lEzCk9YnEE0k77Q/qNrg5vauAckUo1X5fCHXFUo2BKeaRT
lbMbNIlwIOA/kEXkBMcmazZvGwFwvRauvJQcUGrvpL6XJjeLUi3BkmqrJ5OfFjW1
Tmkh+cTfHI3JgSwABOANfA4+WIAR/SGMgOqXqd4vZJJPS9Gwqx080yCmmnY9vXr3
kzCJDlnDJQs2sroGwx/cCUT2FvLou+6AG4KIT8kWCmpBXK9eRMXJC4vb16bKqSDB
zKQOigqzIlIMKfylQG12XmaVO6vuDhYDSs7bIET2dsJCorUwa7i2LRiu6N+3qf46
K1JQ7dpA9HY8yMFueHiHkLsC58Cas7ewE+7F9aCSur0s9ANMTTatYAywfft4uzEm
Ym+LealmLYG35D3c8UbP8W4RDWDPOyR+NrX0e66JmTqRvzB3pSmcOyFAk0ZfBKe3
hJW4Ybz0vhkpfWYsTVYn2EZV6hGuv7EYYIeyHLDsNLylJ5xTDM6HUH6y+UdhKGly
XK6v4v//SVXCQ4RfYTNpUs29fGOFBdu+dp3flwapdlOBt4w3CVcdz8pNH015w4zk
E+zyVv3xPvI6nh8rlnAS5wC203rkv55EioDyANKGj9O1kFcKpZqspWi+3FTzLL8L
8JGapcu7KaYNF0kk+ljNpmRkmVNYcOilPe5qQJ6/wTW21VrOsxFsfH2AktZegL54
IEGoI1l9TAQePtdU3hDba48GdWpLWa1gefAUglWBmF6wNCpfTe8AODolGqW6tgEM
p0HG8eynaKT4eyrVUGF1yHv0so4bykcdhp07HWNjbKOgw9pceMfVvFGxncbJ0GrG
RAgEZqgfxm02VIewdwJxV0Vd3eSqqeJTnc/NpcUvIvIUwkez1Ax0f/2DhiYVqqM1
CQYV/mrrgH9GRGX/ixdyioGzQF0e/GwYxewclu2WRcaBs0BdHvxsGMXsHJbtlkXG
gbNAXR78bBjF7ByW7ZZFxscupoZqMmsq4LRVXLs2Cto4xTlHUXHOWtaTsKAwthJQ
oZ8U9g9GttwfcLZAsrPRUklzXIzo8QsiDpC64MUt/MVMcyGosZW+sYQjtXCKI2R2
SP6T0ubj2m0GzLJ/q7a72+2pfcwnCli9ryl4Q5k+KhXkc5YZBa/RtokW+Ek+Gowc
xY7us64/24tCc+MRa9PP5qISiEq3iGzjlVvM/flU87ZRL5vdSrxtdvU0J8ncb2q3
spA9vIt70DKL3BiDc/WCh6CblvSFpg9yEuedNN+/zed3/tsnOKvKKVmVS98ftWU7
32NBzRmrBAFgWCeNqNxkARWFL8BN0g3X0cpZ9fX5kQr+uC+iLrnd5d6uWJ+6gUiy
+aol6CIBkWPtnJqpFHZ8oQZEcK70Z8RL3a9CF/233ew4H7CEKqvidieWvrBdcwLb
UqdHswwOUheIFCbZfe7bBoGzQF0e/GwYxewclu2WRcaBs0BdHvxsGMXsHJbtlkXG
a3legt7BdGcSGmYkyZmH2GlJIuXI5UwmfLW/wGGKfyRDZkJSGiz1HjTtpsmCyIQH
MwhPP8PlPjUxoJD4pPVZJ05LHS0fYbSnQMMlVKV8tIabDC9aYHn6imXcAZxZuWUl
9od1GgDBjPgXITbQETjQXxICF+Iq2NQxnsIBGhlw7AaYWr3WQwfw7RZ4XEVbou5o
Zgfe2a0Fm7Y2B4mV01VP/L0QPclPjZnIT4atmPa3SBuIs5S8ccGBVnoOMwaSBZ/X
I7bXuH+8Gy4u2y29L6bdFIrca1OQazSpwmLNvalr6hht+MaTbMpX8yULYg75UvrF
tevMoNWx2Rt7s0KGPXuFS0c4snZwFHtsjR4bxMwtHd4eKyfeXReupo5jvU2woMSy
frPVkxBAXim8FCxSrvea3vdcRlCPhrYGyNeHa/0MF41JzhvQxZ3ELJ+clts0RlPk
U8/WqrSQn4LmWCRvJcSywgz35xPCZ8sqTJ7DKivFJh2Z4PVlBbKZpXI6cgpHQ6iU
2e2zlxUJzesUfeeJIjqJ/7QF+g0NV8R57KDnWp0WH0YPwwWRIvX3SpmPhqt/mRcH
usxWR0uDqopFN8xsLmjRkQljyZZ4vhPLAPz8ho4OeIpOSx0tH2G0p0DDJVSlfLSG
JIbrmGLLe8fG8kbqfgXYAhCCZ03TyqgXUXOGReS2fYbyYYvc/mnl71gSCeoArQGL
+F4QBl9g+YVqw+jksBznAsP0w427AYCw98eA8jHQ2bgOSvP215OawS0PHK7N7sU1
tTabMlt7z2ylZYzKTrTV1LqXDddFi054Qa0sGNl4fQD6yNA+VCqguEb3jWbnvopg
TksdLR9htKdAwyVUpXy0hsNAUydp/lbgr+MuaBUxj2KTTneeq524wrbyEbcSY/eD
9Uu9bxLHxnPQHB1ycfqi55diyAECiKsGzvxRdOr5AuhOSx0tH2G0p0DDJVSlfLSG
AnhB1Opk1Nc5r6KmKu5CK2hX4xJRY2TGz8nyh6CQwbZnNGIBzSRSr8rryMYQyhrs
cFprc83G9p3ieqXivbxWjU5LHS0fYbSnQMMlVKV8tIaaiuex+TlROYlCyDBqsJe8
LQw1LIcuiSjlaTMwixh0PmH607e8E0FxEpg4+SIArhjA8APUjmvaaaj7orbThChN
wS2tbEFKkLFStN6goB7lc7BlIr+/ir5VKIXOgv0flK5ZNH37Nj9rbIMPdxmn99SG
n1udaRlFDRHt+WebfaRG8Qe9om1p1RPFx9JNANghVhPGLQ/aH/ESt7Ez52iFrhQT
BTwplGj/CHOvzObS1rhJ5cebEoNgUUb0qqbqeSABMljb8SaeaU+mM9JqgsxfmQwA
GHdPF37JtJ0T6NNYRr8Cnk5LHS0fYbSnQMMlVKV8tIYMKJWqw6fJ5DEZC3PL5qKf
XvPBesZqK9I+YNGT6bmZZuhZzLfUAz6OFqQMzVz+93ORQVLL/isSz3L2vTPtmEAv
qqF1PAi/fYBwCxF1OJz55DHHfLRoSPC62TM+MBTleaGTEOLg7anYnEEHOZw+E/YN
w5+CFV0ndd4DjuqnhZ76uzUBJXnTlWLWZSsfKLofN+iqoXU8CL99gHALEXU4nPnk
gbNAXR78bBjF7ByW7ZZFxmsc+GMmadHYXo19ssef9BacLEF3MWMijAiQDaMTgOWn
X5cYS19jArS8ngiYOonlWY8ex2EF1uZG7LKV3y2ld92cJw2x0eLegdxDWn/A62DX
CnMmD8ZVc3Tedcnr0hmbw6ROae3lijviW6OFzmhNd042nV47Bjo/TjyKJT1/e1jU
hnOGid3dGXV8ruj550Ig7B+uuhDLD3p/nwyoYoq4jImlPeIEdoC56sxu+9KXAUhX
376F2iC8O8+4ba0L2NonuMDk/jwhdRDE2CeikR7TEyK+/y+Ly6y6gzJu8gJelRv7
1lb4x5Xe66muKR0n5D8pzyJEY+ZbX6ncI9iZgU4eTGv/iwl4Rl1XfgYulLkaAzCz
J2DVjkjSo3epjx0X2FQFEoPX2al9ANcduuYP/VXuy++MoUsqJHFfBKlJlbBQYghs
u63yPc+XhdfHKDMEkyvvBEQt5Xt3NTB4hORkXiuOl1+csaPfPA1W4Zgsk78picsN
7fjv+SFvaGc7PNJAni8RNp7xD5ZsJWHaNAdv2LIbtrrzea+X+3HXOypnUWtF5yuF
xgYm1/dmnhfOCsJME+qy0p9pXmqHtcuo24bWyzhz9DgcWhunIsVfCzZCnDvHqCbp
f5yLyR2su39HjUGCYP2YGZbOfAtl0llDuzN2M1uHx3GKrdnCU3SPVFgNrfE/jrv3
JjXGmCdD3volcyAJkdswbguAwaEDhKGsNOdWR1A3598eJvL6n6T8ekAUMlnDa5f4
n2leaoe1y6jbhtbLOHP0OFoURqkHwynUHzhaKlGhNwJF4UVWExoiX4gzbI82jh+R
yfuYptzz0aryXvskMuL7xf08xx1mVtF4HHSMl0SWCmW7aHbgrAo9TbugR/AH0i6f
SPYLb6rUOHrZu4QpZRPByJagdGQouV+ziQQ/oN63ofY9d7OTXh2xwrAD1rbQwC37
PUX/VRfKiAuVlooROV3ZGfHzskEDC7Q3gT0+GgivY8mYxB37EpjsV3BpmeWcSUxQ
ucJOWwrqp8dNT3L5wnutqErTIiZRTpn5X4AfEDbpVUvCH3+BmYzlL05opN4Efuc1
ROwiuKfFBvtf8AIXifWPFXzYeqGrYfsiYyQaqYKPMvCi9a02pBWibv0FSX6m2xVt
xeBVWR/KXQQ31oaGobrqMUFubizbzngcoxqZktZJpVteHixjYeKI6N6m0e0pXWvI
+R0IX0Gzak5Klo3/85GKApyp3uazgCqz2yjF9Rexn4qJD+8gVTq8UFUmKPzDY3S2
tQ9vpRET/X4lo9ikEcDGv61oSQegUO5jNP295dIlb+UcbYC4MyI7aEEXsXF2HJW1
mJrNfXixkJ+aQfowP62rFmYuItVmiNNVIgV0+CKwKeWqjEZnibckSeVN5RSkMAeG
ftqkFflWDDY+2OzcsufGmFi1jiiJLl7vwJ2qbIUXpIgHpY4PpGXmkkrX1G59Yhsx
KRtNavZpkKh/j5/Wrel+UmfTa4usk4BXh2swjnM1B9WufEVS8i/DKmeiOcnEkzMt
q+YC6IB2btBQf6F0d2zGYRGPcVg8WW2xH2jOV3XZLwDJLIsW3vSrsfEk/0VrWaMV
6kG/3C6VNU5zJSjhT+pOhJ5auGVKfKPUlXsq4hIAhezjRc35/XpGG/JXaPhlWYH2
OnYOJMklQ7nyRi7CUVRt/VoObC8GBzqsYAuUF0ZSyTnYo0LYFnORT+v+1LbrMcoZ
BpKwzUNZ6x5Ct58szzd4MhZConQhz+hNa3b6vIYfolIoQPq5nWIXESB4WRi36D60
E/0X7ssTkcaQUO25Ze3uPxYmK/X4IbKnav6GncapacsnjYQEhtrdiTlk0j/sy3n5
PZy6efbzRgVYkwinTwLaKaWp/q+2XqBFU4kyak/CxOdotOE+oEKEvurKvDYRynrx
squarYbcIeTKxd1Eq235Ic5pSIZoZ5P0OCiuh7pyi6zLKKrtyVNYEhptbwouNOZv
9sMShnhcGWCan5Q+s9dQfjX0JX4lzKHjfBy3ZaiVFelsrF40/JwWGwsK4Y2qYMYW
WTgtEZHJ2CugroZ3zGVEhNzjj90TlQTfNfaOYf8QAWWtGdc5zob9roOraCQKkOQg
3MNEG2axHWPpq+bXQX6suCAI/pj2mOrIduPhPTv+hTVYCyopE/s3fH2gC/MbaHnk
xdGNPnOsVMgQUROSUrtDxwShu7+Hk0BBTdvWSHAAbuE0uj5FnRi4RQJ6B0izj42b
QE2kG6JEJqo3RIPXFsMRWA==
